/home/jin/ros/apriltag_size/src/mrsd_ros_tutorials/src/subscribe_pc_node.cpp: In member function ‘bool ImageConverter::saveDataCB(mrsd_ros_tutorials::SaveData::Request&, mrsd_ros_tutorials::SaveData::Response&)’:
/home/jin/ros/apriltag_size/src/mrsd_ros_tutorials/src/subscribe_pc_node.cpp:118:43: error: no matching function for call to ‘toROSMsg(pcl::PointCloud<pcl::PointXYZRGB>&, pcl::PointCloud<sensor_msgs::PointCloud2_<std::allocator<void> > >&)’
     pcl::toROSMsg(*kinect_color_pc, ros_pc);
                                           ^
/home/jin/ros/apriltag_size/src/mrsd_ros_tutorials/src/subscribe_pc_node.cpp:118:43: note: candidates are:
In file included from /home/jin/ros/apriltag_size/src/mrsd_ros_tutorials/src/subscribe_pc_node.cpp:13:0:
/opt/ros/indigo/include/pcl_conversions/pcl_conversions.h:487:8: note: void pcl::toROSMsg(const PointCloud2&, sensor_msgs::Image&)
   void toROSMsg(const sensor_msgs::PointCloud2 &cloud, sensor_msgs::Image &image)
        ^
/opt/ros/indigo/include/pcl_conversions/pcl_conversions.h:487:8: note:   no known conversion for argument 1 from ‘pcl::PointCloud<pcl::PointXYZRGB>’ to ‘const PointCloud2& {aka const sensor_msgs::PointCloud2_<std::allocator<void> >&}’
/opt/ros/indigo/include/pcl_conversions/pcl_conversions.h:507:3: note: template<class T> void pcl::toROSMsg(const pcl::PointCloud<PointT>&, sensor_msgs::Image&)
   toROSMsg (const pcl::PointCloud<T> &cloud, sensor_msgs::Image& msg)
   ^
/opt/ros/indigo/include/pcl_conversions/pcl_conversions.h:507:3: note:   template argument deduction/substitution failed:
/home/jin/ros/apriltag_size/src/mrsd_ros_tutorials/src/subscribe_pc_node.cpp:118:43: note:   cannot convert ‘((ImageConverter*)this)->ImageConverter::ros_pc’ (type ‘pcl::PointCloud<sensor_msgs::PointCloud2_<std::allocator<void> > >’) to type ‘sensor_msgs::Image& {aka sensor_msgs::Image_<std::allocator<void> >&}’
     pcl::toROSMsg(*kinect_color_pc, ros_pc);
                                           ^
In file included from /home/jin/ros/apriltag_size/src/mrsd_ros_tutorials/src/subscribe_pc_node.cpp:13:0:
/opt/ros/indigo/include/pcl_conversions/pcl_conversions.h:539:8: note: template<class T> void pcl::toROSMsg(const pcl::PointCloud<PointT>&, sensor_msgs::PointCloud2&)
   void toROSMsg(const pcl::PointCloud<T> &pcl_cloud, sensor_msgs::PointCloud2 &cloud)
        ^
/opt/ros/indigo/include/pcl_conversions/pcl_conversions.h:539:8: note:   template argument deduction/substitution failed:
/home/jin/ros/apriltag_size/src/mrsd_ros_tutorials/src/subscribe_pc_node.cpp:118:43: note:   cannot convert ‘((ImageConverter*)this)->ImageConverter::ros_pc’ (type ‘pcl::PointCloud<sensor_msgs::PointCloud2_<std::allocator<void> > >’) to type ‘sensor_msgs::PointCloud2& {aka sensor_msgs::PointCloud2_<std::allocator<void> >&}’
     pcl::toROSMsg(*kinect_color_pc, ros_pc);
                                           ^
/home/jin/ros/apriltag_size/src/mrsd_ros_tutorials/src/subscribe_pc_node.cpp:119:23: error: no match for ‘operator*’ (operand type is ‘pcl::PointCloud<sensor_msgs::PointCloud2_<std::allocator<void> > >’)
     res.point_cloud = *ros_pc;
                       ^
/home/jin/ros/apriltag_size/src/mrsd_ros_tutorials/src/subscribe_pc_node.cpp:119:23: note: candidates are:
In file included from /usr/include/opencv2/contrib/retina.hpp:76:0,
                 from /usr/include/opencv2/contrib/contrib.hpp:979,
                 from /usr/include/opencv2/opencv.hpp:59,
                 from /home/jin/ros/apriltag_size/src/mrsd_ros_tutorials/src/subscribe_pc_node.cpp:16:
/usr/include/c++/4.8/valarray:1169:1: note: template<class _Tp> std::_Expr<std::_BinClos<std::__multiplies, std::_Constant, std::_ValArray, _Tp, _Tp>, typename std::__fun<std::__multiplies, _Tp>::result_type> std::operator*(const _Tp&, const std::valarray<_Tp>&)
 _DEFINE_BINARY_OPERATOR(*, __multiplies)
 ^
/usr/include/c++/4.8/valarray:1169:1: note:   template argument deduction/substitution failed:
/home/jin/ros/apriltag_size/src/mrsd_ros_tutorials/src/subscribe_pc_node.cpp:119:24: note:   candidate expects 2 arguments, 1 provided
     res.point_cloud = *ros_pc;
                        ^
In file included from /usr/include/opencv2/contrib/retina.hpp:76:0,
                 from /usr/include/opencv2/contrib/contrib.hpp:979,
                 from /usr/include/opencv2/opencv.hpp:59,
                 from /home/jin/ros/apriltag_size/src/mrsd_ros_tutorials/src/subscribe_pc_node.cpp:16:
/usr/include/c++/4.8/valarray:1169:1: note: template<class _Tp> std::_Expr<std::_BinClos<std::__multiplies, std::_ValArray, std::_Constant, _Tp, _Tp>, typename std::__fun<std::__multiplies, _Tp>::result_type> std::operator*(const std::valarray<_Tp>&, const _Tp&)
 _DEFINE_BINARY_OPERATOR(*, __multiplies)
 ^
/usr/include/c++/4.8/valarray:1169:1: note:   template argument deduction/substitution failed:
/home/jin/ros/apriltag_size/src/mrsd_ros_tutorials/src/subscribe_pc_node.cpp:119:24: note:   ‘pcl::PointCloud<sensor_msgs::PointCloud2_<std::allocator<void> > >’ is not derived from ‘const std::valarray<_Tp>’
     res.point_cloud = *ros_pc;
                        ^
In file included from /usr/include/opencv2/contrib/retina.hpp:76:0,
                 from /usr/include/opencv2/contrib/contrib.hpp:979,
                 from /usr/include/opencv2/opencv.hpp:59,
                 from /home/jin/ros/apriltag_size/src/mrsd_ros_tutorials/src/subscribe_pc_node.cpp:16:
/usr/include/c++/4.8/valarray:1169:1: note: template<class _Tp> std::_Expr<std::_BinClos<std::__multiplies, std::_ValArray, std::_ValArray, _Tp, _Tp>, typename std::__fun<std::__multiplies, _Tp>::result_type> std::operator*(const std::valarray<_Tp>&, const std::valarray<_Tp>&)
 _DEFINE_BINARY_OPERATOR(*, __multiplies)
 ^
/usr/include/c++/4.8/valarray:1169:1: note:   template argument deduction/substitution failed:
/home/jin/ros/apriltag_size/src/mrsd_ros_tutorials/src/subscribe_pc_node.cpp:119:24: note:   ‘pcl::PointCloud<sensor_msgs::PointCloud2_<std::allocator<void> > >’ is not derived from ‘const std::valarray<_Tp>’
     res.point_cloud = *ros_pc;
                        ^
In file included from /usr/include/c++/4.8/valarray:587:0,
                 from /usr/include/opencv2/contrib/retina.hpp:76,
                 from /usr/include/opencv2/contrib/contrib.hpp:979,
                 from /usr/include/opencv2/opencv.hpp:59,
                 from /home/jin/ros/apriltag_size/src/mrsd_ros_tutorials/src/subscribe_pc_node.cpp:16:
/usr/include/c++/4.8/bits/valarray_after.h:404:5: note: template<class _Dom> std::_Expr<std::_BinClos<std::__multiplies, std::_ValArray, std::_Expr, typename _Dom::value_type, _Dom>, typename std::__fun<std::__multiplies, typename _Dom1::value_type>::result_type> std::operator*(const std::valarray<typename _Dom::value_type>&, const std::_Expr<_Dom1, typename _Dom1::value_type>&)
     _DEFINE_EXPR_BINARY_OPERATOR(*, __multiplies)
     ^
/usr/include/c++/4.8/bits/valarray_after.h:404:5: note:   template argument deduction/substitution failed:
/home/jin/ros/apriltag_size/src/mrsd_ros_tutorials/src/subscribe_pc_node.cpp:119:24: note:   ‘pcl::PointCloud<sensor_msgs::PointCloud2_<std::allocator<void> > >’ is not derived from ‘const std::valarray<typename _Dom::value_type>’
     res.point_cloud = *ros_pc;
                        ^
In file included from /usr/include/c++/4.8/valarray:587:0,
                 from /usr/include/opencv2/contrib/retina.hpp:76,
                 from /usr/include/opencv2/contrib/contrib.hpp:979,
                 from /usr/include/opencv2/opencv.hpp:59,
                 from /home/jin/ros/apriltag_size/src/mrsd_ros_tutorials/src/subscribe_pc_node.cpp:16:
/usr/include/c++/4.8/bits/valarray_after.h:404:5: note: template<class _Dom> std::_Expr<std::_BinClos<std::__multiplies, std::_Expr, std::_ValArray, _Dom, typename _Dom::value_type>, typename std::__fun<std::__multiplies, typename _Dom1::value_type>::result_type> std::operator*(const std::_Expr<_Dom1, typename _Dom1::value_type>&, const std::valarray<typename _Dom::value_type>&)
     _DEFINE_EXPR_BINARY_OPERATOR(*, __multiplies)
     ^
/usr/include/c++/4.8/bits/valarray_after.h:404:5: note:   template argument deduction/substitution failed:
/home/jin/ros/apriltag_size/src/mrsd_ros_tutorials/src/subscribe_pc_node.cpp:119:24: note:   ‘pcl::PointCloud<sensor_msgs::PointCloud2_<std::allocator<void> > >’ is not derived from ‘const std::_Expr<_Dom1, typename _Dom1::value_type>’
     res.point_cloud = *ros_pc;
                        ^
In file included from /usr/include/c++/4.8/valarray:587:0,
                 from /usr/include/opencv2/contrib/retina.hpp:76,
                 from /usr/include/opencv2/contrib/contrib.hpp:979,
                 from /usr/include/opencv2/opencv.hpp:59,
                 from /home/jin/ros/apriltag_size/src/mrsd_ros_tutorials/src/subscribe_pc_node.cpp:16:
/usr/include/c++/4.8/bits/valarray_after.h:404:5: note: template<class _Dom> std::_Expr<std::_BinClos<std::__multiplies, std::_Constant, std::_Expr, typename _Dom::value_type, _Dom>, typename std::__fun<std::__multiplies, typename _Dom1::value_type>::result_type> std::operator*(const typename _Dom::value_type&, const std::_Expr<_Dom1, typename _Dom1::value_type>&)
     _DEFINE_EXPR_BINARY_OPERATOR(*, __multiplies)
     ^
/usr/include/c++/4.8/bits/valarray_after.h:404:5: note:   template argument deduction/substitution failed:
/home/jin/ros/apriltag_size/src/mrsd_ros_tutorials/src/subscribe_pc_node.cpp:119:24: note:   candidate expects 2 arguments, 1 provided
     res.point_cloud = *ros_pc;
                        ^
In file included from /usr/include/c++/4.8/valarray:587:0,
                 from /usr/include/opencv2/contrib/retina.hpp:76,
                 from /usr/include/opencv2/contrib/contrib.hpp:979,
                 from /usr/include/opencv2/opencv.hpp:59,
                 from /home/jin/ros/apriltag_size/src/mrsd_ros_tutorials/src/subscribe_pc_node.cpp:16:
/usr/include/c++/4.8/bits/valarray_after.h:404:5: note: template<class _Dom> std::_Expr<std::_BinClos<std::__multiplies, std::_Expr, std::_Constant, _Dom, typename _Dom::value_type>, typename std::__fun<std::__multiplies, typename _Dom1::value_type>::result_type> std::operator*(const std::_Expr<_Dom1, typename _Dom1::value_type>&, const typename _Dom::value_type&)
     _DEFINE_EXPR_BINARY_OPERATOR(*, __multiplies)
     ^
/usr/include/c++/4.8/bits/valarray_after.h:404:5: note:   template argument deduction/substitution failed:
/home/jin/ros/apriltag_size/src/mrsd_ros_tutorials/src/subscribe_pc_node.cpp:119:24: note:   ‘pcl::PointCloud<sensor_msgs::PointCloud2_<std::allocator<void> > >’ is not derived from ‘const std::_Expr<_Dom1, typename _Dom1::value_type>’
     res.point_cloud = *ros_pc;
                        ^
In file included from /usr/include/c++/4.8/valarray:587:0,
                 from /usr/include/opencv2/contrib/retina.hpp:76,
                 from /usr/include/opencv2/contrib/contrib.hpp:979,
                 from /usr/include/opencv2/opencv.hpp:59,
                 from /home/jin/ros/apriltag_size/src/mrsd_ros_tutorials/src/subscribe_pc_node.cpp:16:
/usr/include/c++/4.8/bits/valarray_after.h:404:5: note: template<class _Dom1, class _Dom2> std::_Expr<std::_BinClos<std::__multiplies, std::_Expr, std::_Expr, _Dom1, _Dom2>, typename std::__fun<std::__multiplies, typename _Dom1::value_type>::result_type> std::operator*(const std::_Expr<_Dom1, typename _Dom1::value_type>&, const std::_Expr<_Dom2, typename _Dom2::value_type>&)
     _DEFINE_EXPR_BINARY_OPERATOR(*, __multiplies)
     ^
/usr/include/c++/4.8/bits/valarray_after.h:404:5: note:   template argument deduction/substitution failed:
/home/jin/ros/apriltag_size/src/mrsd_ros_tutorials/src/subscribe_pc_node.cpp:119:24: note:   ‘pcl::PointCloud<sensor_msgs::PointCloud2_<std::allocator<void> > >’ is not derived from ‘const std::_Expr<_Dom1, typename _Dom1::value_type>’
     res.point_cloud = *ros_pc;
                        ^
In file included from /usr/include/boost/config/no_tr1/complex.hpp:21:0,
                 from /usr/include/boost/math/policies/error_handling.hpp:15,
                 from /usr/include/boost/math/special_functions/round.hpp:14,
                 from /opt/ros/indigo/include/ros/time.h:58,
                 from /opt/ros/indigo/include/ros/ros.h:38,
                 from /home/jin/ros/apriltag_size/src/mrsd_ros_tutorials/src/subscribe_pc_node.cpp:3:
/usr/include/c++/4.8/complex:402:5: note: template<class _Tp> std::complex<_Tp> std::operator*(const _Tp&, const std::complex<_Tp>&)
     operator*(const _Tp& __x, const complex<_Tp>& __y)
     ^
/usr/include/c++/4.8/complex:402:5: note:   template argument deduction/substitution failed:
/home/jin/ros/apriltag_size/src/mrsd_ros_tutorials/src/subscribe_pc_node.cpp:119:24: note:   candidate expects 2 arguments, 1 provided
     res.point_cloud = *ros_pc;
                        ^
In file included from /usr/include/boost/config/no_tr1/complex.hpp:21:0,
                 from /usr/include/boost/math/policies/error_handling.hpp:15,
                 from /usr/include/boost/math/special_functions/round.hpp:14,
                 from /opt/ros/indigo/include/ros/time.h:58,
                 from /opt/ros/indigo/include/ros/ros.h:38,
                 from /home/jin/ros/apriltag_size/src/mrsd_ros_tutorials/src/subscribe_pc_node.cpp:3:
/usr/include/c++/4.8/complex:393:5: note: template<class _Tp> std::complex<_Tp> std::operator*(const std::complex<_Tp>&, const _Tp&)
     operator*(const complex<_Tp>& __x, const _Tp& __y)
     ^
/usr/include/c++/4.8/complex:393:5: note:   template argument deduction/substitution failed:
/home/jin/ros/apriltag_size/src/mrsd_ros_tutorials/src/subscribe_pc_node.cpp:119:24: note:   ‘pcl::PointCloud<sensor_msgs::PointCloud2_<std::allocator<void> > >’ is not derived from ‘const std::complex<_Tp>’
     res.point_cloud = *ros_pc;
                        ^
In file included from /usr/include/boost/config/no_tr1/complex.hpp:21:0,
                 from /usr/include/boost/math/policies/error_handling.hpp:15,
                 from /usr/include/boost/math/special_functions/round.hpp:14,
                 from /opt/ros/indigo/include/ros/time.h:58,
                 from /opt/ros/indigo/include/ros/ros.h:38,
                 from /home/jin/ros/apriltag_size/src/mrsd_ros_tutorials/src/subscribe_pc_node.cpp:3:
/usr/include/c++/4.8/complex:384:5: note: template<class _Tp> std::complex<_Tp> std::operator*(const std::complex<_Tp>&, const std::complex<_Tp>&)
     operator*(const complex<_Tp>& __x, const complex<_Tp>& __y)
     ^
/usr/include/c++/4.8/complex:384:5: note:   template argument deduction/substitution failed:
/home/jin/ros/apriltag_size/src/mrsd_ros_tutorials/src/subscribe_pc_node.cpp:119:24: note:   ‘pcl::PointCloud<sensor_msgs::PointCloud2_<std::allocator<void> > >’ is not derived from ‘const std::complex<_Tp>’
     res.point_cloud = *ros_pc;
                        ^
/home/jin/ros/apriltag_size/src/mrsd_ros_tutorials/src/perception_data.cpp: In function ‘void segment_bin(const Ptr&)’:
/home/jin/ros/apriltag_size/src/mrsd_ros_tutorials/src/perception_data.cpp:42:23: error: ‘input_pc’ was not declared in this scope
   pass.setInputCloud (input_pc);
                       ^
/home/jin/ros/apriltag_size/src/mrsd_ros_tutorials/src/perception_data.cpp: In function ‘int main(int, char**)’:
/home/jin/ros/apriltag_size/src/mrsd_ros_tutorials/src/perception_data.cpp:71:9: error: ‘kinect_color_pc’ was not declared in this scope
         kinect_color_pc = srv.response.point_cloud;
         ^
make[2]: *** [CMakeFiles/perception_data.dir/src/perception_data.cpp.o] Error 1
make[1]: *** [CMakeFiles/perception_data.dir/all] Error 2
make[1]: *** Waiting for unfinished jobs....
make[2]: *** [CMakeFiles/subscribe_pc_node.dir/src/subscribe_pc_node.cpp.o] Error 1
make[1]: *** [CMakeFiles/subscribe_pc_node.dir/all] Error 2
make: *** [all] Error 2
