/home/jin/ros/apriltag_size/src/mrsd_ros_tutorials/src/perception_data.cpp: In function ‘int main(int, char**)’:
/home/jin/ros/apriltag_size/src/mrsd_ros_tutorials/src/perception_data.cpp:91:20: error: no match for ‘operator=’ (operand types are ‘sensor_msgs::PointCloud2’ and ‘mrsd_ros_tutorials::SaveDataResponse_<std::allocator<void> >::_point_cloud_type* {aka sensor_msgs::PointCloud2_<std::allocator<void> >*}’)
         ros_msg_pc = &srv.response.point_cloud;
                    ^
/home/jin/ros/apriltag_size/src/mrsd_ros_tutorials/src/perception_data.cpp:91:20: note: candidates are:
In file included from /opt/ros/indigo/include/pcl_conversions/pcl_conversions.h:56:0,
                 from /home/jin/ros/apriltag_size/src/mrsd_ros_tutorials/src/perception_data.cpp:13:
/opt/ros/indigo/include/sensor_msgs/PointCloud2.h:24:8: note: sensor_msgs::PointCloud2_<std::allocator<void> >& sensor_msgs::PointCloud2_<std::allocator<void> >::operator=(const sensor_msgs::PointCloud2_<std::allocator<void> >&)
 struct PointCloud2_
        ^
/opt/ros/indigo/include/sensor_msgs/PointCloud2.h:24:8: note:   no known conversion for argument 1 from ‘mrsd_ros_tutorials::SaveDataResponse_<std::allocator<void> >::_point_cloud_type* {aka sensor_msgs::PointCloud2_<std::allocator<void> >*}’ to ‘const sensor_msgs::PointCloud2_<std::allocator<void> >&’
/opt/ros/indigo/include/sensor_msgs/PointCloud2.h:24:8: note: sensor_msgs::PointCloud2_<std::allocator<void> >& sensor_msgs::PointCloud2_<std::allocator<void> >::operator=(sensor_msgs::PointCloud2_<std::allocator<void> >&&)
/opt/ros/indigo/include/sensor_msgs/PointCloud2.h:24:8: note:   no known conversion for argument 1 from ‘mrsd_ros_tutorials::SaveDataResponse_<std::allocator<void> >::_point_cloud_type* {aka sensor_msgs::PointCloud2_<std::allocator<void> >*}’ to ‘sensor_msgs::PointCloud2_<std::allocator<void> >&&’
/home/jin/ros/apriltag_size/src/mrsd_ros_tutorials/src/perception_data.cpp:94:25: error: no match for ‘operator*’ (operand type is ‘sensor_msgs::PointCloud2’)
         pcl::fromROSMsg(*ros_msg_pc, *xyz_pc_ptr);
                         ^
/home/jin/ros/apriltag_size/src/mrsd_ros_tutorials/src/perception_data.cpp:94:25: note: candidates are:
In file included from /usr/include/opencv2/contrib/retina.hpp:76:0,
                 from /usr/include/opencv2/contrib/contrib.hpp:979,
                 from /usr/include/opencv2/opencv.hpp:59,
                 from /home/jin/ros/apriltag_size/src/mrsd_ros_tutorials/src/perception_data.cpp:16:
/usr/include/c++/4.8/valarray:1169:1: note: template<class _Tp> std::_Expr<std::_BinClos<std::__multiplies, std::_Constant, std::_ValArray, _Tp, _Tp>, typename std::__fun<std::__multiplies, _Tp>::result_type> std::operator*(const _Tp&, const std::valarray<_Tp>&)
 _DEFINE_BINARY_OPERATOR(*, __multiplies)
 ^
/usr/include/c++/4.8/valarray:1169:1: note:   template argument deduction/substitution failed:
/home/jin/ros/apriltag_size/src/mrsd_ros_tutorials/src/perception_data.cpp:94:26: note:   candidate expects 2 arguments, 1 provided
         pcl::fromROSMsg(*ros_msg_pc, *xyz_pc_ptr);
                          ^
In file included from /usr/include/opencv2/contrib/retina.hpp:76:0,
                 from /usr/include/opencv2/contrib/contrib.hpp:979,
                 from /usr/include/opencv2/opencv.hpp:59,
                 from /home/jin/ros/apriltag_size/src/mrsd_ros_tutorials/src/perception_data.cpp:16:
/usr/include/c++/4.8/valarray:1169:1: note: template<class _Tp> std::_Expr<std::_BinClos<std::__multiplies, std::_ValArray, std::_Constant, _Tp, _Tp>, typename std::__fun<std::__multiplies, _Tp>::result_type> std::operator*(const std::valarray<_Tp>&, const _Tp&)
 _DEFINE_BINARY_OPERATOR(*, __multiplies)
 ^
/usr/include/c++/4.8/valarray:1169:1: note:   template argument deduction/substitution failed:
/home/jin/ros/apriltag_size/src/mrsd_ros_tutorials/src/perception_data.cpp:94:26: note:   ‘sensor_msgs::PointCloud2’ is not derived from ‘const std::valarray<_Tp>’
         pcl::fromROSMsg(*ros_msg_pc, *xyz_pc_ptr);
                          ^
In file included from /usr/include/opencv2/contrib/retina.hpp:76:0,
                 from /usr/include/opencv2/contrib/contrib.hpp:979,
                 from /usr/include/opencv2/opencv.hpp:59,
                 from /home/jin/ros/apriltag_size/src/mrsd_ros_tutorials/src/perception_data.cpp:16:
/usr/include/c++/4.8/valarray:1169:1: note: template<class _Tp> std::_Expr<std::_BinClos<std::__multiplies, std::_ValArray, std::_ValArray, _Tp, _Tp>, typename std::__fun<std::__multiplies, _Tp>::result_type> std::operator*(const std::valarray<_Tp>&, const std::valarray<_Tp>&)
 _DEFINE_BINARY_OPERATOR(*, __multiplies)
 ^
/usr/include/c++/4.8/valarray:1169:1: note:   template argument deduction/substitution failed:
/home/jin/ros/apriltag_size/src/mrsd_ros_tutorials/src/perception_data.cpp:94:26: note:   ‘sensor_msgs::PointCloud2’ is not derived from ‘const std::valarray<_Tp>’
         pcl::fromROSMsg(*ros_msg_pc, *xyz_pc_ptr);
                          ^
In file included from /usr/include/c++/4.8/valarray:587:0,
                 from /usr/include/opencv2/contrib/retina.hpp:76,
                 from /usr/include/opencv2/contrib/contrib.hpp:979,
                 from /usr/include/opencv2/opencv.hpp:59,
                 from /home/jin/ros/apriltag_size/src/mrsd_ros_tutorials/src/perception_data.cpp:16:
/usr/include/c++/4.8/bits/valarray_after.h:404:5: note: template<class _Dom> std::_Expr<std::_BinClos<std::__multiplies, std::_ValArray, std::_Expr, typename _Dom::value_type, _Dom>, typename std::__fun<std::__multiplies, typename _Dom1::value_type>::result_type> std::operator*(const std::valarray<typename _Dom::value_type>&, const std::_Expr<_Dom1, typename _Dom1::value_type>&)
     _DEFINE_EXPR_BINARY_OPERATOR(*, __multiplies)
     ^
/usr/include/c++/4.8/bits/valarray_after.h:404:5: note:   template argument deduction/substitution failed:
/home/jin/ros/apriltag_size/src/mrsd_ros_tutorials/src/perception_data.cpp:94:26: note:   ‘sensor_msgs::PointCloud2’ is not derived from ‘const std::valarray<typename _Dom::value_type>’
         pcl::fromROSMsg(*ros_msg_pc, *xyz_pc_ptr);
                          ^
In file included from /usr/include/c++/4.8/valarray:587:0,
                 from /usr/include/opencv2/contrib/retina.hpp:76,
                 from /usr/include/opencv2/contrib/contrib.hpp:979,
                 from /usr/include/opencv2/opencv.hpp:59,
                 from /home/jin/ros/apriltag_size/src/mrsd_ros_tutorials/src/perception_data.cpp:16:
/usr/include/c++/4.8/bits/valarray_after.h:404:5: note: template<class _Dom> std::_Expr<std::_BinClos<std::__multiplies, std::_Expr, std::_ValArray, _Dom, typename _Dom::value_type>, typename std::__fun<std::__multiplies, typename _Dom1::value_type>::result_type> std::operator*(const std::_Expr<_Dom1, typename _Dom1::value_type>&, const std::valarray<typename _Dom::value_type>&)
     _DEFINE_EXPR_BINARY_OPERATOR(*, __multiplies)
     ^
/usr/include/c++/4.8/bits/valarray_after.h:404:5: note:   template argument deduction/substitution failed:
/home/jin/ros/apriltag_size/src/mrsd_ros_tutorials/src/perception_data.cpp:94:26: note:   ‘sensor_msgs::PointCloud2’ is not derived from ‘const std::_Expr<_Dom1, typename _Dom1::value_type>’
         pcl::fromROSMsg(*ros_msg_pc, *xyz_pc_ptr);
                          ^
In file included from /usr/include/c++/4.8/valarray:587:0,
                 from /usr/include/opencv2/contrib/retina.hpp:76,
                 from /usr/include/opencv2/contrib/contrib.hpp:979,
                 from /usr/include/opencv2/opencv.hpp:59,
                 from /home/jin/ros/apriltag_size/src/mrsd_ros_tutorials/src/perception_data.cpp:16:
/usr/include/c++/4.8/bits/valarray_after.h:404:5: note: template<class _Dom> std::_Expr<std::_BinClos<std::__multiplies, std::_Constant, std::_Expr, typename _Dom::value_type, _Dom>, typename std::__fun<std::__multiplies, typename _Dom1::value_type>::result_type> std::operator*(const typename _Dom::value_type&, const std::_Expr<_Dom1, typename _Dom1::value_type>&)
     _DEFINE_EXPR_BINARY_OPERATOR(*, __multiplies)
     ^
/usr/include/c++/4.8/bits/valarray_after.h:404:5: note:   template argument deduction/substitution failed:
/home/jin/ros/apriltag_size/src/mrsd_ros_tutorials/src/perception_data.cpp:94:26: note:   candidate expects 2 arguments, 1 provided
         pcl::fromROSMsg(*ros_msg_pc, *xyz_pc_ptr);
                          ^
In file included from /usr/include/c++/4.8/valarray:587:0,
                 from /usr/include/opencv2/contrib/retina.hpp:76,
                 from /usr/include/opencv2/contrib/contrib.hpp:979,
                 from /usr/include/opencv2/opencv.hpp:59,
                 from /home/jin/ros/apriltag_size/src/mrsd_ros_tutorials/src/perception_data.cpp:16:
/usr/include/c++/4.8/bits/valarray_after.h:404:5: note: template<class _Dom> std::_Expr<std::_BinClos<std::__multiplies, std::_Expr, std::_Constant, _Dom, typename _Dom::value_type>, typename std::__fun<std::__multiplies, typename _Dom1::value_type>::result_type> std::operator*(const std::_Expr<_Dom1, typename _Dom1::value_type>&, const typename _Dom::value_type&)
     _DEFINE_EXPR_BINARY_OPERATOR(*, __multiplies)
     ^
/usr/include/c++/4.8/bits/valarray_after.h:404:5: note:   template argument deduction/substitution failed:
/home/jin/ros/apriltag_size/src/mrsd_ros_tutorials/src/perception_data.cpp:94:26: note:   ‘sensor_msgs::PointCloud2’ is not derived from ‘const std::_Expr<_Dom1, typename _Dom1::value_type>’
         pcl::fromROSMsg(*ros_msg_pc, *xyz_pc_ptr);
                          ^
In file included from /usr/include/c++/4.8/valarray:587:0,
                 from /usr/include/opencv2/contrib/retina.hpp:76,
                 from /usr/include/opencv2/contrib/contrib.hpp:979,
                 from /usr/include/opencv2/opencv.hpp:59,
                 from /home/jin/ros/apriltag_size/src/mrsd_ros_tutorials/src/perception_data.cpp:16:
/usr/include/c++/4.8/bits/valarray_after.h:404:5: note: template<class _Dom1, class _Dom2> std::_Expr<std::_BinClos<std::__multiplies, std::_Expr, std::_Expr, _Dom1, _Dom2>, typename std::__fun<std::__multiplies, typename _Dom1::value_type>::result_type> std::operator*(const std::_Expr<_Dom1, typename _Dom1::value_type>&, const std::_Expr<_Dom2, typename _Dom2::value_type>&)
     _DEFINE_EXPR_BINARY_OPERATOR(*, __multiplies)
     ^
/usr/include/c++/4.8/bits/valarray_after.h:404:5: note:   template argument deduction/substitution failed:
/home/jin/ros/apriltag_size/src/mrsd_ros_tutorials/src/perception_data.cpp:94:26: note:   ‘sensor_msgs::PointCloud2’ is not derived from ‘const std::_Expr<_Dom1, typename _Dom1::value_type>’
         pcl::fromROSMsg(*ros_msg_pc, *xyz_pc_ptr);
                          ^
In file included from /usr/include/boost/config/no_tr1/complex.hpp:21:0,
                 from /usr/include/boost/math/policies/error_handling.hpp:15,
                 from /usr/include/boost/math/special_functions/round.hpp:14,
                 from /opt/ros/indigo/include/ros/time.h:58,
                 from /opt/ros/indigo/include/ros/ros.h:38,
                 from /home/jin/ros/apriltag_size/src/mrsd_ros_tutorials/src/perception_data.cpp:3:
/usr/include/c++/4.8/complex:402:5: note: template<class _Tp> std::complex<_Tp> std::operator*(const _Tp&, const std::complex<_Tp>&)
     operator*(const _Tp& __x, const complex<_Tp>& __y)
     ^
/usr/include/c++/4.8/complex:402:5: note:   template argument deduction/substitution failed:
/home/jin/ros/apriltag_size/src/mrsd_ros_tutorials/src/perception_data.cpp:94:26: note:   candidate expects 2 arguments, 1 provided
         pcl::fromROSMsg(*ros_msg_pc, *xyz_pc_ptr);
                          ^
In file included from /usr/include/boost/config/no_tr1/complex.hpp:21:0,
                 from /usr/include/boost/math/policies/error_handling.hpp:15,
                 from /usr/include/boost/math/special_functions/round.hpp:14,
                 from /opt/ros/indigo/include/ros/time.h:58,
                 from /opt/ros/indigo/include/ros/ros.h:38,
                 from /home/jin/ros/apriltag_size/src/mrsd_ros_tutorials/src/perception_data.cpp:3:
/usr/include/c++/4.8/complex:393:5: note: template<class _Tp> std::complex<_Tp> std::operator*(const std::complex<_Tp>&, const _Tp&)
     operator*(const complex<_Tp>& __x, const _Tp& __y)
     ^
/usr/include/c++/4.8/complex:393:5: note:   template argument deduction/substitution failed:
/home/jin/ros/apriltag_size/src/mrsd_ros_tutorials/src/perception_data.cpp:94:26: note:   ‘sensor_msgs::PointCloud2’ is not derived from ‘const std::complex<_Tp>’
         pcl::fromROSMsg(*ros_msg_pc, *xyz_pc_ptr);
                          ^
In file included from /usr/include/boost/config/no_tr1/complex.hpp:21:0,
                 from /usr/include/boost/math/policies/error_handling.hpp:15,
                 from /usr/include/boost/math/special_functions/round.hpp:14,
                 from /opt/ros/indigo/include/ros/time.h:58,
                 from /opt/ros/indigo/include/ros/ros.h:38,
                 from /home/jin/ros/apriltag_size/src/mrsd_ros_tutorials/src/perception_data.cpp:3:
/usr/include/c++/4.8/complex:384:5: note: template<class _Tp> std::complex<_Tp> std::operator*(const std::complex<_Tp>&, const std::complex<_Tp>&)
     operator*(const complex<_Tp>& __x, const complex<_Tp>& __y)
     ^
/usr/include/c++/4.8/complex:384:5: note:   template argument deduction/substitution failed:
/home/jin/ros/apriltag_size/src/mrsd_ros_tutorials/src/perception_data.cpp:94:26: note:   ‘sensor_msgs::PointCloud2’ is not derived from ‘const std::complex<_Tp>’
         pcl::fromROSMsg(*ros_msg_pc, *xyz_pc_ptr);
                          ^
make[2]: *** [CMakeFiles/perception_data.dir/src/perception_data.cpp.o] Error 1
make[1]: *** [CMakeFiles/perception_data.dir/all] Error 2
make: *** [all] Error 2
