Linked: (/home/jin/ros/apriltag_size/devel/.private/mrsd_ros_tutorials/lib/python2.7/dist-packages/mrsd_ros_tutorials/__init__.py, /home/jin/ros/apriltag_size/devel/lib/python2.7/dist-packages/mrsd_ros_tutorials/__init__.py)
Linked: (/home/jin/ros/apriltag_size/devel/.private/mrsd_ros_tutorials/lib/python2.7/dist-packages/mrsd_ros_tutorials/srv/_kinect_apriltag_sr.py, /home/jin/ros/apriltag_size/devel/lib/python2.7/dist-packages/mrsd_ros_tutorials/srv/_kinect_apriltag_sr.py)
Linked: (/home/jin/ros/apriltag_size/devel/.private/mrsd_ros_tutorials/lib/python2.7/dist-packages/mrsd_ros_tutorials/srv/_SaveData.py, /home/jin/ros/apriltag_size/devel/lib/python2.7/dist-packages/mrsd_ros_tutorials/srv/_SaveData.py)
Linked: (/home/jin/ros/apriltag_size/devel/.private/mrsd_ros_tutorials/lib/python2.7/dist-packages/mrsd_ros_tutorials/srv/__init__.py, /home/jin/ros/apriltag_size/devel/lib/python2.7/dist-packages/mrsd_ros_tutorials/srv/__init__.py)
Linked: (/home/jin/ros/apriltag_size/devel/.private/mrsd_ros_tutorials/lib/python2.7/dist-packages/mrsd_ros_tutorials/cfg/__init__.py, /home/jin/ros/apriltag_size/devel/lib/python2.7/dist-packages/mrsd_ros_tutorials/cfg/__init__.py)
Linked: (/home/jin/ros/apriltag_size/devel/.private/mrsd_ros_tutorials/lib/python2.7/dist-packages/mrsd_ros_tutorials/cfg/TransformsConfig.py, /home/jin/ros/apriltag_size/devel/lib/python2.7/dist-packages/mrsd_ros_tutorials/cfg/TransformsConfig.py)
Linked: (/home/jin/ros/apriltag_size/devel/.private/mrsd_ros_tutorials/lib/mrsd_ros_tutorials/perception_data, /home/jin/ros/apriltag_size/devel/lib/mrsd_ros_tutorials/perception_data)
Linked: (/home/jin/ros/apriltag_size/devel/.private/mrsd_ros_tutorials/lib/mrsd_ros_tutorials/in_source_node, /home/jin/ros/apriltag_size/devel/lib/mrsd_ros_tutorials/in_source_node)
Linked: (/home/jin/ros/apriltag_size/devel/.private/mrsd_ros_tutorials/lib/mrsd_ros_tutorials/kdtree_tutorial, /home/jin/ros/apriltag_size/devel/lib/mrsd_ros_tutorials/kdtree_tutorial)
Linked: (/home/jin/ros/apriltag_size/devel/.private/mrsd_ros_tutorials/lib/mrsd_ros_tutorials/linear_node, /home/jin/ros/apriltag_size/devel/lib/mrsd_ros_tutorials/linear_node)
Linked: (/home/jin/ros/apriltag_size/devel/.private/mrsd_ros_tutorials/lib/mrsd_ros_tutorials/pointcloud_transform_node, /home/jin/ros/apriltag_size/devel/lib/mrsd_ros_tutorials/pointcloud_transform_node)
Linked: (/home/jin/ros/apriltag_size/devel/.private/mrsd_ros_tutorials/lib/mrsd_ros_tutorials/subscribe_pc_node, /home/jin/ros/apriltag_size/devel/lib/mrsd_ros_tutorials/subscribe_pc_node)
Linked: (/home/jin/ros/apriltag_size/devel/.private/mrsd_ros_tutorials/lib/mrsd_ros_tutorials/display_box_marker, /home/jin/ros/apriltag_size/devel/lib/mrsd_ros_tutorials/display_box_marker)
Linked: (/home/jin/ros/apriltag_size/devel/.private/mrsd_ros_tutorials/lib/mrsd_ros_tutorials/abstracted_class_node, /home/jin/ros/apriltag_size/devel/lib/mrsd_ros_tutorials/abstracted_class_node)
Linked: (/home/jin/ros/apriltag_size/devel/.private/mrsd_ros_tutorials/share/mrsd_ros_tutorials/docs/TransformsConfig.wikidoc, /home/jin/ros/apriltag_size/devel/share/mrsd_ros_tutorials/docs/TransformsConfig.wikidoc)
Linked: (/home/jin/ros/apriltag_size/devel/.private/mrsd_ros_tutorials/share/mrsd_ros_tutorials/docs/TransformsConfig-usage.dox, /home/jin/ros/apriltag_size/devel/share/mrsd_ros_tutorials/docs/TransformsConfig-usage.dox)
Linked: (/home/jin/ros/apriltag_size/devel/.private/mrsd_ros_tutorials/share/mrsd_ros_tutorials/docs/TransformsConfig.dox, /home/jin/ros/apriltag_size/devel/share/mrsd_ros_tutorials/docs/TransformsConfig.dox)
Linked: (/home/jin/ros/apriltag_size/devel/.private/mrsd_ros_tutorials/share/mrsd_ros_tutorials/cmake/mrsd_ros_tutorials-msg-paths.cmake, /home/jin/ros/apriltag_size/devel/share/mrsd_ros_tutorials/cmake/mrsd_ros_tutorials-msg-paths.cmake)
Linked: (/home/jin/ros/apriltag_size/devel/.private/mrsd_ros_tutorials/share/common-lisp/ros/mrsd_ros_tutorials/srv/SaveData.lisp, /home/jin/ros/apriltag_size/devel/share/common-lisp/ros/mrsd_ros_tutorials/srv/SaveData.lisp)
Linked: (/home/jin/ros/apriltag_size/devel/.private/mrsd_ros_tutorials/share/common-lisp/ros/mrsd_ros_tutorials/srv/_package_kinect_apriltag_sr.lisp, /home/jin/ros/apriltag_size/devel/share/common-lisp/ros/mrsd_ros_tutorials/srv/_package_kinect_apriltag_sr.lisp)
Linked: (/home/jin/ros/apriltag_size/devel/.private/mrsd_ros_tutorials/share/common-lisp/ros/mrsd_ros_tutorials/srv/_package.lisp, /home/jin/ros/apriltag_size/devel/share/common-lisp/ros/mrsd_ros_tutorials/srv/_package.lisp)
Linked: (/home/jin/ros/apriltag_size/devel/.private/mrsd_ros_tutorials/share/common-lisp/ros/mrsd_ros_tutorials/srv/mrsd_ros_tutorials-srv.asd, /home/jin/ros/apriltag_size/devel/share/common-lisp/ros/mrsd_ros_tutorials/srv/mrsd_ros_tutorials-srv.asd)
Linked: (/home/jin/ros/apriltag_size/devel/.private/mrsd_ros_tutorials/share/common-lisp/ros/mrsd_ros_tutorials/srv/_package_SaveData.lisp, /home/jin/ros/apriltag_size/devel/share/common-lisp/ros/mrsd_ros_tutorials/srv/_package_SaveData.lisp)
Linked: (/home/jin/ros/apriltag_size/devel/.private/mrsd_ros_tutorials/share/common-lisp/ros/mrsd_ros_tutorials/srv/kinect_apriltag_sr.lisp, /home/jin/ros/apriltag_size/devel/share/common-lisp/ros/mrsd_ros_tutorials/srv/kinect_apriltag_sr.lisp)
Linked: (/home/jin/ros/apriltag_size/devel/.private/mrsd_ros_tutorials/include/mrsd_ros_tutorials/kinect_apriltag_srResponse.h, /home/jin/ros/apriltag_size/devel/include/mrsd_ros_tutorials/kinect_apriltag_srResponse.h)
Linked: (/home/jin/ros/apriltag_size/devel/.private/mrsd_ros_tutorials/include/mrsd_ros_tutorials/TransformsConfig.h, /home/jin/ros/apriltag_size/devel/include/mrsd_ros_tutorials/TransformsConfig.h)
Linked: (/home/jin/ros/apriltag_size/devel/.private/mrsd_ros_tutorials/include/mrsd_ros_tutorials/kinect_apriltag_srRequest.h, /home/jin/ros/apriltag_size/devel/include/mrsd_ros_tutorials/kinect_apriltag_srRequest.h)
Linked: (/home/jin/ros/apriltag_size/devel/.private/mrsd_ros_tutorials/include/mrsd_ros_tutorials/kinect_apriltag_sr.h, /home/jin/ros/apriltag_size/devel/include/mrsd_ros_tutorials/kinect_apriltag_sr.h)
Linked: (/home/jin/ros/apriltag_size/devel/.private/mrsd_ros_tutorials/include/mrsd_ros_tutorials/SaveData.h, /home/jin/ros/apriltag_size/devel/include/mrsd_ros_tutorials/SaveData.h)
Linked: (/home/jin/ros/apriltag_size/devel/.private/mrsd_ros_tutorials/include/mrsd_ros_tutorials/SaveDataResponse.h, /home/jin/ros/apriltag_size/devel/include/mrsd_ros_tutorials/SaveDataResponse.h)
Linked: (/home/jin/ros/apriltag_size/devel/.private/mrsd_ros_tutorials/include/mrsd_ros_tutorials/SaveDataRequest.h, /home/jin/ros/apriltag_size/devel/include/mrsd_ros_tutorials/SaveDataRequest.h)
