/home/jin/ros/apriltag_size/src/mrsd_ros_tutorials/src/subscribe_pc_node.cpp: In constructor ‘ImageConverter::ImageConverter()’:
/home/jin/ros/apriltag_size/src/mrsd_ros_tutorials/src/subscribe_pc_node.cpp:52:69: error: no matching function for call to ‘ros::NodeHandle::advertiseService(const char [15], <unresolved overloaded function type>, ImageConverter* const)’
     service = nh.advertiseService("ImageConverter", saveDataCB, this);
                                                                     ^
/home/jin/ros/apriltag_size/src/mrsd_ros_tutorials/src/subscribe_pc_node.cpp:52:69: note: candidates are:
In file included from /opt/ros/indigo/include/ros/ros.h:45:0,
                 from /home/jin/ros/apriltag_size/src/mrsd_ros_tutorials/src/subscribe_pc_node.cpp:3:
/opt/ros/indigo/include/ros/node_handle.h:878:17: note: template<class T, class MReq, class MRes> ros::ServiceServer ros::NodeHandle::advertiseService(const string&, bool (T::*)(MReq&, MRes&), T*)
   ServiceServer advertiseService(const std::string& service, bool(T::*srv_func)(MReq &, MRes &), T *obj)
                 ^
/opt/ros/indigo/include/ros/node_handle.h:878:17: note:   template argument deduction/substitution failed:
/home/jin/ros/apriltag_size/src/mrsd_ros_tutorials/src/subscribe_pc_node.cpp:52:69: note:   mismatched types ‘bool’ and ‘void’
     service = nh.advertiseService("ImageConverter", saveDataCB, this);
                                                                     ^
/home/jin/ros/apriltag_size/src/mrsd_ros_tutorials/src/subscribe_pc_node.cpp:52:69: note:   could not resolve address from overloaded function ‘((ImageConverter*)this)->ImageConverter::saveDataCB’
In file included from /opt/ros/indigo/include/ros/ros.h:45:0,
                 from /home/jin/ros/apriltag_size/src/mrsd_ros_tutorials/src/subscribe_pc_node.cpp:3:
/opt/ros/indigo/include/ros/node_handle.h:923:17: note: template<class T, class MReq, class MRes> ros::ServiceServer ros::NodeHandle::advertiseService(const string&, bool (T::*)(ros::ServiceEvent<MReq, MRes>&), T*)
   ServiceServer advertiseService(const std::string& service, bool(T::*srv_func)(ServiceEvent<MReq, MRes>&), T *obj)
                 ^
/opt/ros/indigo/include/ros/node_handle.h:923:17: note:   template argument deduction/substitution failed:
/home/jin/ros/apriltag_size/src/mrsd_ros_tutorials/src/subscribe_pc_node.cpp:52:69: note:   mismatched types ‘bool’ and ‘void’
     service = nh.advertiseService("ImageConverter", saveDataCB, this);
                                                                     ^
/home/jin/ros/apriltag_size/src/mrsd_ros_tutorials/src/subscribe_pc_node.cpp:52:69: note:   could not resolve address from overloaded function ‘((ImageConverter*)this)->ImageConverter::saveDataCB’
In file included from /opt/ros/indigo/include/ros/ros.h:45:0,
                 from /home/jin/ros/apriltag_size/src/mrsd_ros_tutorials/src/subscribe_pc_node.cpp:3:
/opt/ros/indigo/include/ros/node_handle.h:969:17: note: template<class T, class MReq, class MRes> ros::ServiceServer ros::NodeHandle::advertiseService(const string&, bool (T::*)(MReq&, MRes&), const boost::shared_ptr<X>&)
   ServiceServer advertiseService(const std::string& service, bool(T::*srv_func)(MReq &, MRes &), const boost::shared_ptr<T>& obj)
                 ^
/opt/ros/indigo/include/ros/node_handle.h:969:17: note:   template argument deduction/substitution failed:
/home/jin/ros/apriltag_size/src/mrsd_ros_tutorials/src/subscribe_pc_node.cpp:52:69: note:   mismatched types ‘bool’ and ‘void’
     service = nh.advertiseService("ImageConverter", saveDataCB, this);
                                                                     ^
/home/jin/ros/apriltag_size/src/mrsd_ros_tutorials/src/subscribe_pc_node.cpp:52:69: note:   could not resolve address from overloaded function ‘((ImageConverter*)this)->ImageConverter::saveDataCB’
In file included from /opt/ros/indigo/include/ros/ros.h:45:0,
                 from /home/jin/ros/apriltag_size/src/mrsd_ros_tutorials/src/subscribe_pc_node.cpp:3:
/opt/ros/indigo/include/ros/node_handle.h:1016:17: note: template<class T, class MReq, class MRes> ros::ServiceServer ros::NodeHandle::advertiseService(const string&, bool (T::*)(ros::ServiceEvent<MReq, MRes>&), const boost::shared_ptr<X>&)
   ServiceServer advertiseService(const std::string& service, bool(T::*srv_func)(ServiceEvent<MReq, MRes>&), const boost::shared_ptr<T>& obj)
                 ^
/opt/ros/indigo/include/ros/node_handle.h:1016:17: note:   template argument deduction/substitution failed:
/home/jin/ros/apriltag_size/src/mrsd_ros_tutorials/src/subscribe_pc_node.cpp:52:69: note:   mismatched types ‘bool’ and ‘void’
     service = nh.advertiseService("ImageConverter", saveDataCB, this);
                                                                     ^
/home/jin/ros/apriltag_size/src/mrsd_ros_tutorials/src/subscribe_pc_node.cpp:52:69: note:   could not resolve address from overloaded function ‘((ImageConverter*)this)->ImageConverter::saveDataCB’
In file included from /opt/ros/indigo/include/ros/ros.h:45:0,
                 from /home/jin/ros/apriltag_size/src/mrsd_ros_tutorials/src/subscribe_pc_node.cpp:3:
/opt/ros/indigo/include/ros/node_handle.h:1060:17: note: template<class MReq, class MRes> ros::ServiceServer ros::NodeHandle::advertiseService(const string&, bool (*)(MReq&, MRes&))
   ServiceServer advertiseService(const std::string& service, bool(*srv_func)(MReq&, MRes&))
                 ^
/opt/ros/indigo/include/ros/node_handle.h:1060:17: note:   template argument deduction/substitution failed:
/home/jin/ros/apriltag_size/src/mrsd_ros_tutorials/src/subscribe_pc_node.cpp:52:69: note:   mismatched types ‘bool (*)(MReq&, MRes&)’ and ‘void (ImageConverter::*)(std::string) {aka void (ImageConverter::*)(std::basic_string<char>)}’
     service = nh.advertiseService("ImageConverter", saveDataCB, this);
                                                                     ^
/home/jin/ros/apriltag_size/src/mrsd_ros_tutorials/src/subscribe_pc_node.cpp:52:69: note:   could not resolve address from overloaded function ‘((ImageConverter*)this)->ImageConverter::saveDataCB’
In file included from /opt/ros/indigo/include/ros/ros.h:45:0,
                 from /home/jin/ros/apriltag_size/src/mrsd_ros_tutorials/src/subscribe_pc_node.cpp:3:
/opt/ros/indigo/include/ros/node_handle.h:1103:17: note: template<class MReq, class MRes> ros::ServiceServer ros::NodeHandle::advertiseService(const string&, bool (*)(ros::ServiceEvent<MReq, MRes>&))
   ServiceServer advertiseService(const std::string& service, bool(*srv_func)(ServiceEvent<MReq, MRes>&))
                 ^
/opt/ros/indigo/include/ros/node_handle.h:1103:17: note:   template argument deduction/substitution failed:
/home/jin/ros/apriltag_size/src/mrsd_ros_tutorials/src/subscribe_pc_node.cpp:52:69: note:   mismatched types ‘bool (*)(ros::ServiceEvent<MReq, MRes>&)’ and ‘void (ImageConverter::*)(std::string) {aka void (ImageConverter::*)(std::basic_string<char>)}’
     service = nh.advertiseService("ImageConverter", saveDataCB, this);
                                                                     ^
/home/jin/ros/apriltag_size/src/mrsd_ros_tutorials/src/subscribe_pc_node.cpp:52:69: note:   could not resolve address from overloaded function ‘((ImageConverter*)this)->ImageConverter::saveDataCB’
In file included from /opt/ros/indigo/include/ros/ros.h:45:0,
                 from /home/jin/ros/apriltag_size/src/mrsd_ros_tutorials/src/subscribe_pc_node.cpp:3:
/opt/ros/indigo/include/ros/node_handle.h:1144:17: note: template<class MReq, class MRes> ros::ServiceServer ros::NodeHandle::advertiseService(const string&, const boost::function<bool(MReq&, MRes&)>&, const VoidConstPtr&)
   ServiceServer advertiseService(const std::string& service, const boost::function<bool(MReq&, MRes&)>& callback, 
                 ^
/opt/ros/indigo/include/ros/node_handle.h:1144:17: note:   template argument deduction/substitution failed:
/home/jin/ros/apriltag_size/src/mrsd_ros_tutorials/src/subscribe_pc_node.cpp:52:69: note:   ‘void (ImageConverter::*)(std::string) {aka void (ImageConverter::*)(std::basic_string<char>)}’ is not derived from ‘const boost::function<bool(MReq&, MRes&)>’
     service = nh.advertiseService("ImageConverter", saveDataCB, this);
                                                                     ^
/home/jin/ros/apriltag_size/src/mrsd_ros_tutorials/src/subscribe_pc_node.cpp:52:69: note:   could not resolve address from overloaded function ‘((ImageConverter*)this)->ImageConverter::saveDataCB’
In file included from /opt/ros/indigo/include/ros/ros.h:45:0,
                 from /home/jin/ros/apriltag_size/src/mrsd_ros_tutorials/src/subscribe_pc_node.cpp:3:
/opt/ros/indigo/include/ros/node_handle.h:1189:17: note: template<class S> ros::ServiceServer ros::NodeHandle::advertiseService(const string&, const boost::function<bool(S&)>&, const VoidConstPtr&)
   ServiceServer advertiseService(const std::string& service, const boost::function<bool(S&)>& callback, 
                 ^
/opt/ros/indigo/include/ros/node_handle.h:1189:17: note:   template argument deduction/substitution failed:
/home/jin/ros/apriltag_size/src/mrsd_ros_tutorials/src/subscribe_pc_node.cpp:52:69: note:   ‘void (ImageConverter::*)(std::string) {aka void (ImageConverter::*)(std::basic_string<char>)}’ is not derived from ‘const boost::function<bool(S&)>’
     service = nh.advertiseService("ImageConverter", saveDataCB, this);
                                                                     ^
/home/jin/ros/apriltag_size/src/mrsd_ros_tutorials/src/subscribe_pc_node.cpp:52:69: note:   could not resolve address from overloaded function ‘((ImageConverter*)this)->ImageConverter::saveDataCB’
In file included from /opt/ros/indigo/include/ros/ros.h:45:0,
                 from /home/jin/ros/apriltag_size/src/mrsd_ros_tutorials/src/subscribe_pc_node.cpp:3:
/opt/ros/indigo/include/ros/node_handle.h:1221:17: note: ros::ServiceServer ros::NodeHandle::advertiseService(ros::AdvertiseServiceOptions&)
   ServiceServer advertiseService(AdvertiseServiceOptions& ops);
                 ^
/opt/ros/indigo/include/ros/node_handle.h:1221:17: note:   candidate expects 1 argument, 3 provided
make[2]: *** [CMakeFiles/subscribe_pc_node.dir/src/subscribe_pc_node.cpp.o] Error 1
make[1]: *** [CMakeFiles/subscribe_pc_node.dir/all] Error 2
make[1]: *** Waiting for unfinished jobs....
make: *** [all] Error 2
