[ 14%] [ 21%] [34m[1mGenerating dynamic reconfigure files from config/box_tf_offsets.cfg: /home/harp/SaveData/Jin/apriltag_size/devel/.private/mrsd_ros_tutorials/include/mrsd_ros_tutorials/box_tf_offsetsConfig.h /home/harp/SaveData/Jin/apriltag_size/devel/.private/mrsd_ros_tutorials/lib/python2.7/dist-packages/mrsd_ros_tutorials/cfg/box_tf_offsetsConfig.py
[0mBuilt target abstracted_class_node
[ 28%] [ 35%] Built target linear_node
Built target in_source_node
Generating reconfiguration files for Transforms in mrsd_ros_tutorials
Wrote header file in /home/harp/SaveData/Jin/apriltag_size/devel/.private/mrsd_ros_tutorials/include/mrsd_ros_tutorials/TransformsConfig.h
[ 35%] Built target std_msgs_generate_messages_py
[ 35%] Built target std_msgs_generate_messages_cpp
[ 35%] [ 35%] Built target std_msgs_generate_messages_lisp
Built target mrsd_ros_tutorials_gencfg
[ 35%] Built target _mrsd_ros_tutorials_generate_messages_check_deps_SaveData
[35m[1mScanning dependencies of target perception_data
[35m[1mScanning dependencies of target subscribe_depth_node
[0m[0m[ 42%] [ 50%] [32mBuilding CXX object CMakeFiles/perception_data.dir/src/perception_data.cpp.o
[0m[ 57%] [ 64%] Built target subscribe_pc_node
[32mBuilding CXX object CMakeFiles/subscribe_depth_node.dir/src/subscribe_depth_node.cpp.o
Built target pointcloud_transform_node
[0m[35m[1mScanning dependencies of target display_box_marker
[0m[ 78%] Built target mrsd_ros_tutorials_generate_messages_py
[ 85%] [32mBuilding CXX object CMakeFiles/display_box_marker.dir/src/display_box_marker.cpp.o
[0m[ 92%] Built target mrsd_ros_tutorials_generate_messages_cpp
[100%] Built target mrsd_ros_tutorials_generate_messages_lisp
[100%] Built target mrsd_ros_tutorials_generate_messages
[31m[1mLinking CXX executable /home/harp/SaveData/Jin/apriltag_size/devel/.private/mrsd_ros_tutorials/lib/mrsd_ros_tutorials/perception_data
[0m[100%] Built target perception_data
[31m[1mLinking CXX executable /home/harp/SaveData/Jin/apriltag_size/devel/.private/mrsd_ros_tutorials/lib/mrsd_ros_tutorials/display_box_marker
[0m[100%] Built target display_box_marker
[31m[1mLinking CXX executable /home/harp/SaveData/Jin/apriltag_size/devel/.private/mrsd_ros_tutorials/lib/mrsd_ros_tutorials/subscribe_depth_node
[0m[100%] Built target subscribe_depth_node
