/home/jin/ros/apriltag_size/src/mrsd_ros_tutorials/src/perception_data.cpp: In function ‘void segment_bin(const PointCloud2&)’:
/home/jin/ros/apriltag_size/src/mrsd_ros_tutorials/src/perception_data.cpp:43:19: error: no match for ‘operator*’ (operand type is ‘const PointCloud2 {aka const sensor_msgs::PointCloud2_<std::allocator<void> >}’)
   pcl::fromROSMsg(*msg, *xyz_pc_input);
                   ^
/home/jin/ros/apriltag_size/src/mrsd_ros_tutorials/src/perception_data.cpp:43:19: note: candidates are:
In file included from /usr/include/opencv2/contrib/retina.hpp:76:0,
                 from /usr/include/opencv2/contrib/contrib.hpp:979,
                 from /usr/include/opencv2/opencv.hpp:59,
                 from /home/jin/ros/apriltag_size/src/mrsd_ros_tutorials/src/perception_data.cpp:16:
/usr/include/c++/4.8/valarray:1169:1: note: template<class _Tp> std::_Expr<std::_BinClos<std::__multiplies, std::_Constant, std::_ValArray, _Tp, _Tp>, typename std::__fun<std::__multiplies, _Tp>::result_type> std::operator*(const _Tp&, const std::valarray<_Tp>&)
 _DEFINE_BINARY_OPERATOR(*, __multiplies)
 ^
/usr/include/c++/4.8/valarray:1169:1: note:   template argument deduction/substitution failed:
/home/jin/ros/apriltag_size/src/mrsd_ros_tutorials/src/perception_data.cpp:43:20: note:   candidate expects 2 arguments, 1 provided
   pcl::fromROSMsg(*msg, *xyz_pc_input);
                    ^
In file included from /usr/include/opencv2/contrib/retina.hpp:76:0,
                 from /usr/include/opencv2/contrib/contrib.hpp:979,
                 from /usr/include/opencv2/opencv.hpp:59,
                 from /home/jin/ros/apriltag_size/src/mrsd_ros_tutorials/src/perception_data.cpp:16:
/usr/include/c++/4.8/valarray:1169:1: note: template<class _Tp> std::_Expr<std::_BinClos<std::__multiplies, std::_ValArray, std::_Constant, _Tp, _Tp>, typename std::__fun<std::__multiplies, _Tp>::result_type> std::operator*(const std::valarray<_Tp>&, const _Tp&)
 _DEFINE_BINARY_OPERATOR(*, __multiplies)
 ^
/usr/include/c++/4.8/valarray:1169:1: note:   template argument deduction/substitution failed:
/home/jin/ros/apriltag_size/src/mrsd_ros_tutorials/src/perception_data.cpp:43:20: note:   ‘const PointCloud2 {aka const sensor_msgs::PointCloud2_<std::allocator<void> >}’ is not derived from ‘const std::valarray<_Tp>’
   pcl::fromROSMsg(*msg, *xyz_pc_input);
                    ^
In file included from /usr/include/opencv2/contrib/retina.hpp:76:0,
                 from /usr/include/opencv2/contrib/contrib.hpp:979,
                 from /usr/include/opencv2/opencv.hpp:59,
                 from /home/jin/ros/apriltag_size/src/mrsd_ros_tutorials/src/perception_data.cpp:16:
/usr/include/c++/4.8/valarray:1169:1: note: template<class _Tp> std::_Expr<std::_BinClos<std::__multiplies, std::_ValArray, std::_ValArray, _Tp, _Tp>, typename std::__fun<std::__multiplies, _Tp>::result_type> std::operator*(const std::valarray<_Tp>&, const std::valarray<_Tp>&)
 _DEFINE_BINARY_OPERATOR(*, __multiplies)
 ^
/usr/include/c++/4.8/valarray:1169:1: note:   template argument deduction/substitution failed:
/home/jin/ros/apriltag_size/src/mrsd_ros_tutorials/src/perception_data.cpp:43:20: note:   ‘const PointCloud2 {aka const sensor_msgs::PointCloud2_<std::allocator<void> >}’ is not derived from ‘const std::valarray<_Tp>’
   pcl::fromROSMsg(*msg, *xyz_pc_input);
                    ^
In file included from /usr/include/c++/4.8/valarray:587:0,
                 from /usr/include/opencv2/contrib/retina.hpp:76,
                 from /usr/include/opencv2/contrib/contrib.hpp:979,
                 from /usr/include/opencv2/opencv.hpp:59,
                 from /home/jin/ros/apriltag_size/src/mrsd_ros_tutorials/src/perception_data.cpp:16:
/usr/include/c++/4.8/bits/valarray_after.h:404:5: note: template<class _Dom> std::_Expr<std::_BinClos<std::__multiplies, std::_ValArray, std::_Expr, typename _Dom::value_type, _Dom>, typename std::__fun<std::__multiplies, typename _Dom1::value_type>::result_type> std::operator*(const std::valarray<typename _Dom::value_type>&, const std::_Expr<_Dom1, typename _Dom1::value_type>&)
     _DEFINE_EXPR_BINARY_OPERATOR(*, __multiplies)
     ^
/usr/include/c++/4.8/bits/valarray_after.h:404:5: note:   template argument deduction/substitution failed:
/home/jin/ros/apriltag_size/src/mrsd_ros_tutorials/src/perception_data.cpp:43:20: note:   ‘const PointCloud2 {aka const sensor_msgs::PointCloud2_<std::allocator<void> >}’ is not derived from ‘const std::valarray<typename _Dom::value_type>’
   pcl::fromROSMsg(*msg, *xyz_pc_input);
                    ^
In file included from /usr/include/c++/4.8/valarray:587:0,
                 from /usr/include/opencv2/contrib/retina.hpp:76,
                 from /usr/include/opencv2/contrib/contrib.hpp:979,
                 from /usr/include/opencv2/opencv.hpp:59,
                 from /home/jin/ros/apriltag_size/src/mrsd_ros_tutorials/src/perception_data.cpp:16:
/usr/include/c++/4.8/bits/valarray_after.h:404:5: note: template<class _Dom> std::_Expr<std::_BinClos<std::__multiplies, std::_Expr, std::_ValArray, _Dom, typename _Dom::value_type>, typename std::__fun<std::__multiplies, typename _Dom1::value_type>::result_type> std::operator*(const std::_Expr<_Dom1, typename _Dom1::value_type>&, const std::valarray<typename _Dom::value_type>&)
     _DEFINE_EXPR_BINARY_OPERATOR(*, __multiplies)
     ^
/usr/include/c++/4.8/bits/valarray_after.h:404:5: note:   template argument deduction/substitution failed:
/home/jin/ros/apriltag_size/src/mrsd_ros_tutorials/src/perception_data.cpp:43:20: note:   ‘const PointCloud2 {aka const sensor_msgs::PointCloud2_<std::allocator<void> >}’ is not derived from ‘const std::_Expr<_Dom1, typename _Dom1::value_type>’
   pcl::fromROSMsg(*msg, *xyz_pc_input);
                    ^
In file included from /usr/include/c++/4.8/valarray:587:0,
                 from /usr/include/opencv2/contrib/retina.hpp:76,
                 from /usr/include/opencv2/contrib/contrib.hpp:979,
                 from /usr/include/opencv2/opencv.hpp:59,
                 from /home/jin/ros/apriltag_size/src/mrsd_ros_tutorials/src/perception_data.cpp:16:
/usr/include/c++/4.8/bits/valarray_after.h:404:5: note: template<class _Dom> std::_Expr<std::_BinClos<std::__multiplies, std::_Constant, std::_Expr, typename _Dom::value_type, _Dom>, typename std::__fun<std::__multiplies, typename _Dom1::value_type>::result_type> std::operator*(const typename _Dom::value_type&, const std::_Expr<_Dom1, typename _Dom1::value_type>&)
     _DEFINE_EXPR_BINARY_OPERATOR(*, __multiplies)
     ^
/usr/include/c++/4.8/bits/valarray_after.h:404:5: note:   template argument deduction/substitution failed:
/home/jin/ros/apriltag_size/src/mrsd_ros_tutorials/src/perception_data.cpp:43:20: note:   candidate expects 2 arguments, 1 provided
   pcl::fromROSMsg(*msg, *xyz_pc_input);
                    ^
In file included from /usr/include/c++/4.8/valarray:587:0,
                 from /usr/include/opencv2/contrib/retina.hpp:76,
                 from /usr/include/opencv2/contrib/contrib.hpp:979,
                 from /usr/include/opencv2/opencv.hpp:59,
                 from /home/jin/ros/apriltag_size/src/mrsd_ros_tutorials/src/perception_data.cpp:16:
/usr/include/c++/4.8/bits/valarray_after.h:404:5: note: template<class _Dom> std::_Expr<std::_BinClos<std::__multiplies, std::_Expr, std::_Constant, _Dom, typename _Dom::value_type>, typename std::__fun<std::__multiplies, typename _Dom1::value_type>::result_type> std::operator*(const std::_Expr<_Dom1, typename _Dom1::value_type>&, const typename _Dom::value_type&)
     _DEFINE_EXPR_BINARY_OPERATOR(*, __multiplies)
     ^
/usr/include/c++/4.8/bits/valarray_after.h:404:5: note:   template argument deduction/substitution failed:
/home/jin/ros/apriltag_size/src/mrsd_ros_tutorials/src/perception_data.cpp:43:20: note:   ‘const PointCloud2 {aka const sensor_msgs::PointCloud2_<std::allocator<void> >}’ is not derived from ‘const std::_Expr<_Dom1, typename _Dom1::value_type>’
   pcl::fromROSMsg(*msg, *xyz_pc_input);
                    ^
In file included from /usr/include/c++/4.8/valarray:587:0,
                 from /usr/include/opencv2/contrib/retina.hpp:76,
                 from /usr/include/opencv2/contrib/contrib.hpp:979,
                 from /usr/include/opencv2/opencv.hpp:59,
                 from /home/jin/ros/apriltag_size/src/mrsd_ros_tutorials/src/perception_data.cpp:16:
/usr/include/c++/4.8/bits/valarray_after.h:404:5: note: template<class _Dom1, class _Dom2> std::_Expr<std::_BinClos<std::__multiplies, std::_Expr, std::_Expr, _Dom1, _Dom2>, typename std::__fun<std::__multiplies, typename _Dom1::value_type>::result_type> std::operator*(const std::_Expr<_Dom1, typename _Dom1::value_type>&, const std::_Expr<_Dom2, typename _Dom2::value_type>&)
     _DEFINE_EXPR_BINARY_OPERATOR(*, __multiplies)
     ^
/usr/include/c++/4.8/bits/valarray_after.h:404:5: note:   template argument deduction/substitution failed:
/home/jin/ros/apriltag_size/src/mrsd_ros_tutorials/src/perception_data.cpp:43:20: note:   ‘const PointCloud2 {aka const sensor_msgs::PointCloud2_<std::allocator<void> >}’ is not derived from ‘const std::_Expr<_Dom1, typename _Dom1::value_type>’
   pcl::fromROSMsg(*msg, *xyz_pc_input);
                    ^
In file included from /usr/include/boost/config/no_tr1/complex.hpp:21:0,
                 from /usr/include/boost/math/policies/error_handling.hpp:15,
                 from /usr/include/boost/math/special_functions/round.hpp:14,
                 from /opt/ros/indigo/include/ros/time.h:58,
                 from /opt/ros/indigo/include/ros/ros.h:38,
                 from /home/jin/ros/apriltag_size/src/mrsd_ros_tutorials/src/perception_data.cpp:3:
/usr/include/c++/4.8/complex:402:5: note: template<class _Tp> std::complex<_Tp> std::operator*(const _Tp&, const std::complex<_Tp>&)
     operator*(const _Tp& __x, const complex<_Tp>& __y)
     ^
/usr/include/c++/4.8/complex:402:5: note:   template argument deduction/substitution failed:
/home/jin/ros/apriltag_size/src/mrsd_ros_tutorials/src/perception_data.cpp:43:20: note:   candidate expects 2 arguments, 1 provided
   pcl::fromROSMsg(*msg, *xyz_pc_input);
                    ^
In file included from /usr/include/boost/config/no_tr1/complex.hpp:21:0,
                 from /usr/include/boost/math/policies/error_handling.hpp:15,
                 from /usr/include/boost/math/special_functions/round.hpp:14,
                 from /opt/ros/indigo/include/ros/time.h:58,
                 from /opt/ros/indigo/include/ros/ros.h:38,
                 from /home/jin/ros/apriltag_size/src/mrsd_ros_tutorials/src/perception_data.cpp:3:
/usr/include/c++/4.8/complex:393:5: note: template<class _Tp> std::complex<_Tp> std::operator*(const std::complex<_Tp>&, const _Tp&)
     operator*(const complex<_Tp>& __x, const _Tp& __y)
     ^
/usr/include/c++/4.8/complex:393:5: note:   template argument deduction/substitution failed:
/home/jin/ros/apriltag_size/src/mrsd_ros_tutorials/src/perception_data.cpp:43:20: note:   ‘const PointCloud2 {aka const sensor_msgs::PointCloud2_<std::allocator<void> >}’ is not derived from ‘const std::complex<_Tp>’
   pcl::fromROSMsg(*msg, *xyz_pc_input);
                    ^
In file included from /usr/include/boost/config/no_tr1/complex.hpp:21:0,
                 from /usr/include/boost/math/policies/error_handling.hpp:15,
                 from /usr/include/boost/math/special_functions/round.hpp:14,
                 from /opt/ros/indigo/include/ros/time.h:58,
                 from /opt/ros/indigo/include/ros/ros.h:38,
                 from /home/jin/ros/apriltag_size/src/mrsd_ros_tutorials/src/perception_data.cpp:3:
/usr/include/c++/4.8/complex:384:5: note: template<class _Tp> std::complex<_Tp> std::operator*(const std::complex<_Tp>&, const std::complex<_Tp>&)
     operator*(const complex<_Tp>& __x, const complex<_Tp>& __y)
     ^
/usr/include/c++/4.8/complex:384:5: note:   template argument deduction/substitution failed:
/home/jin/ros/apriltag_size/src/mrsd_ros_tutorials/src/perception_data.cpp:43:20: note:   ‘const PointCloud2 {aka const sensor_msgs::PointCloud2_<std::allocator<void> >}’ is not derived from ‘const std::complex<_Tp>’
   pcl::fromROSMsg(*msg, *xyz_pc_input);
                    ^
/home/jin/ros/apriltag_size/src/mrsd_ros_tutorials/src/perception_data.cpp: In function ‘int main(int, char**)’:
/home/jin/ros/apriltag_size/src/mrsd_ros_tutorials/src/perception_data.cpp:89:41: error: invalid conversion from ‘int’ to ‘const char*’ [-fpermissive]
         save_pcd(item_number, ros_msg_pc);
                                         ^
In file included from /usr/include/c++/4.8/string:52:0,
                 from /opt/ros/indigo/include/ros/platform.h:55,
                 from /opt/ros/indigo/include/ros/time.h:53,
                 from /opt/ros/indigo/include/ros/ros.h:38,
                 from /home/jin/ros/apriltag_size/src/mrsd_ros_tutorials/src/perception_data.cpp:3:
/usr/include/c++/4.8/bits/basic_string.h:490:7: error:   initializing argument 1 of ‘std::basic_string<_CharT, _Traits, _Alloc>::basic_string(const _CharT*, const _Alloc&) [with _CharT = char; _Traits = std::char_traits<char>; _Alloc = std::allocator<char>]’ [-fpermissive]
       basic_string(const _CharT* __s, const _Alloc& __a = _Alloc());
       ^
/home/jin/ros/apriltag_size/src/mrsd_ros_tutorials/src/perception_data.cpp:89:41: error: invalid initialization of reference of type ‘const Ptr& {aka const boost::shared_ptr<pcl::PointCloud<pcl::PointXYZRGB> >&}’ from expression of type ‘sensor_msgs::PointCloud2’
         save_pcd(item_number, ros_msg_pc);
                                         ^
/home/jin/ros/apriltag_size/src/mrsd_ros_tutorials/src/perception_data.cpp:27:6: error: in passing argument 2 of ‘void save_pcd(std::string, const Ptr&)’
 void save_pcd(std::string pc_name, const pcl::PointCloud<pcl::PointXYZRGB>::Ptr& input_pc)
      ^
make[2]: *** [CMakeFiles/perception_data.dir/src/perception_data.cpp.o] Error 1
make[1]: *** [CMakeFiles/perception_data.dir/all] Error 2
make: *** [all] Error 2
